<?xml version="1.0" encoding="UTF-8"?>
<!-- Generated by org.testng.reporters.JUnitXMLReporter -->
<testsuite ignored="0" hostname="Rhucha-0404" failures="0" tests="3" name="OrangeHRM Tests" time="33.742" errors="0" timestamp="2025-06-24T17:22:02 IST">
  <testcase classname="com.orangehrm.tests.LoginTest" name="loginWithValidCredentials" time="4.093"/>
  <testcase classname="com.orangehrm.tests.LoginTest" name="loginWithInvalidCredentials" time="3.359"/>
  <testcase classname="com.orangehrm.tests.LogoutTest" name="verifyLogoutFunctionality" time="5.647"/>
</testsuite> <!-- OrangeHRM Tests -->
