<?xml version="1.0" encoding="UTF-8"?>
<testng-results ignored="0" total="2" passed="2" failed="0" skipped="0">
  <reporter-output>
  </reporter-output>
  <suite started-at="2025-06-24T17:25:20 IST" name="Default suite" finished-at="2025-06-24T17:25:41 IST" duration-ms="21779">
    <groups>
    </groups>
    <test started-at="2025-06-24T17:25:20 IST" name="Default test" finished-at="2025-06-24T17:25:41 IST" duration-ms="21779">
      <class name="com.orangehrm.tests.LoginTest">
        <test-method is-config="true" signature="startReport()[pri:0, instance:com.orangehrm.tests.LoginTest@139982de]" started-at="2025-06-24T17:25:20 IST" name="startReport" finished-at="2025-06-24T17:25:20 IST" duration-ms="428" status="PASS">
          <reporter-output>
          </reporter-output>
        </test-method> <!-- startReport -->
        <test-method is-config="true" signature="setup()[pri:0, instance:com.orangehrm.tests.LoginTest@139982de]" started-at="2025-06-24T17:25:20 IST" name="setup" finished-at="2025-06-24T17:25:26 IST" duration-ms="5845" status="PASS">
          <reporter-output>
          </reporter-output>
        </test-method> <!-- setup -->
        <test-method signature="loginWithValidCredentials()[pri:1, instance:com.orangehrm.tests.LoginTest@139982de]" started-at="2025-06-24T17:25:26 IST" name="loginWithValidCredentials" finished-at="2025-06-24T17:25:29 IST" duration-ms="2856" status="PASS">
          <reporter-output>
          </reporter-output>
        </test-method> <!-- loginWithValidCredentials -->
        <test-method is-config="true" signature="teardown()[pri:0, instance:com.orangehrm.tests.LoginTest@139982de]" started-at="2025-06-24T17:25:29 IST" name="teardown" finished-at="2025-06-24T17:25:31 IST" duration-ms="1843" status="PASS">
          <reporter-output>
          </reporter-output>
        </test-method> <!-- teardown -->
        <test-method is-config="true" signature="setup()[pri:0, instance:com.orangehrm.tests.LoginTest@139982de]" started-at="2025-06-24T17:25:31 IST" name="setup" finished-at="2025-06-24T17:25:36 IST" duration-ms="5684" status="PASS">
          <reporter-output>
          </reporter-output>
        </test-method> <!-- setup -->
        <test-method signature="loginWithInvalidCredentials()[pri:2, instance:com.orangehrm.tests.LoginTest@139982de]" started-at="2025-06-24T17:25:36 IST" name="loginWithInvalidCredentials" finished-at="2025-06-24T17:25:39 IST" duration-ms="3048" status="PASS">
          <reporter-output>
          </reporter-output>
        </test-method> <!-- loginWithInvalidCredentials -->
        <test-method is-config="true" signature="teardown()[pri:0, instance:com.orangehrm.tests.LoginTest@139982de]" started-at="2025-06-24T17:25:39 IST" name="teardown" finished-at="2025-06-24T17:25:40 IST" duration-ms="498" status="PASS">
          <reporter-output>
          </reporter-output>
        </test-method> <!-- teardown -->
        <test-method is-config="true" signature="endReport()[pri:0, instance:com.orangehrm.tests.LoginTest@139982de]" started-at="2025-06-24T17:25:40 IST" name="endReport" finished-at="2025-06-24T17:25:41 IST" duration-ms="1471" status="PASS">
          <reporter-output>
          </reporter-output>
        </test-method> <!-- endReport -->
      </class> <!-- com.orangehrm.tests.LoginTest -->
    </test> <!-- Default test -->
  </suite> <!-- Default suite -->
</testng-results>
